Added Component: Designator=J?(SAMTEC SSW-110-03-T-S)
Add component (AddParameter): Name = "Part Number"; Value = "SSW-110-03-T-S"; VariantName = "[No Variations]"
Add component: Footprint Not Found RPI-PICO-MOD
Add Pin To Net: Unknown Pin: Pin U1-1
Add Pin To Net: Unknown Pin: Pin U1-2
Add Pin To Net: Unknown Pin: Pin U1-3
Add Pin To Net: Unknown Pin: Pin U1-4
Add Pin To Net: Unknown Pin: Pin U1-5
Add Pin To Net: Unknown Pin: Pin U1-6
Add Pin To Net: Unknown Pin: Pin U1-7
Add Pin To Net: Unknown Pin: Pin U1-8
Add Pin To Net: Unknown Pin: Pin U1-9
Add Pin To Net: Unknown Pin: Pin U1-10
Add Pin To Net: Unknown Pin: Pin U1-11
Add Pin To Net: Unknown Pin: Pin U1-12
Add Pin To Net: Unknown Pin: Pin U1-13
Add Pin To Net: Unknown Pin: Pin U1-14
Add Pin To Net: Unknown Pin: Pin U1-15
Add Pin To Net: Unknown Pin: Pin U1-16
Add Pin To Net: Unknown Pin: Pin U1-17
Add Pin To Net: Unknown Pin: Pin U1-18
Add Pin To Net: Unknown Pin: Pin U1-19
Add Pin To Net: Unknown Pin: Pin U1-20
Add Pin To Net: Unknown Pin: Pin U1-21
Add Pin To Net: Unknown Pin: Pin U1-22
Add Pin To Net: Unknown Pin: Pin U1-23
Add Pin To Net: Unknown Pin: Pin U1-24
Add Pin To Net: Unknown Pin: Pin U1-25
Add Pin To Net: Unknown Pin: Pin U1-30
Add Pin To Net: Unknown Pin: Pin U1-31
Add Pin To Net: Unknown Pin: Pin U1-32
Add Pin To Net: Unknown Pin: Pin U1-35
Add Pin To Net: Unknown Pin: Pin U1-36
Add Pin To Net: Unknown Pin: Pin U1-38
Add Pin To Net: Unknown Pin: Pin U1-39
Added Member To Class: ClassName=MCU Member=Component J? SSW-110-03-T-S
Add Class Member: Failed to add class member : Component U1 RPI-PICO-ULTIMATE
