Change Physical Footprint: Designator=C1 Old Footprint=CAPR51-254-508X318X736 New Footprint=CAPR51-254-508X318X736
Change Physical Footprint: Designator=C2 Old Footprint=CAPR51-254-508X318X736 New Footprint=CAPR51-254-508X318X736
Change Physical Footprint: Designator=C3 Old Footprint=CAPR51-254-508X318X736 New Footprint=CAPR51-254-508X318X736
Change Physical Footprint: Designator=C4 Old Footprint=CAPR51-254-508X318X736 New Footprint=CAPR51-254-508X318X736
Change Physical Footprint: Designator=C5 Old Footprint=CAPR51-254-508X318X736 New Footprint=CAPR51-254-508X318X736
Change Physical Footprint: Designator=C6 Old Footprint=CAPR51-254-508X318X736 New Footprint=CAPR51-254-508X318X736
Change Physical Footprint: Designator=C7 Old Footprint=CAPR51-254-508X318X736 New Footprint=CAPR51-254-508X318X736
Change Physical Footprint: Designator=C8 Old Footprint=CAPR51-254-508X318X736 New Footprint=CAPR51-254-508X318X736
Change Physical Footprint: Designator=C9 Old Footprint=CAPR51-254-508X318X736 New Footprint=CAPR51-254-508X318X736
Change Physical Footprint: Designator=C10 Old Footprint=CAPR51-254-508X318X736 New Footprint=CAPR51-254-508X318X736
Change Physical Footprint: Designator=C11 Old Footprint=CAPR51-254-508X318X736 New Footprint=CAPR51-254-508X318X736
Change Physical Footprint: Designator=C12 Old Footprint=CAPR51-254-508X318X736 New Footprint=CAPR51-254-508X318X736
Change Physical Footprint: Designator=C13 Old Footprint=CAPR51-254-508X318X736 New Footprint=CAPR51-254-508X318X736
Change Physical Footprint: Designator=C14 Old Footprint=CAPR51-254-508X318X736 New Footprint=CAPR51-254-508X318X736
Change Physical Footprint: Designator=C15 Old Footprint=CAPR51-254-508X318X736 New Footprint=CAPR51-254-508X318X736
Change Physical Footprint: Designator=C16 Old Footprint=CAPR51-254-508X318X736 New Footprint=CAPR51-254-508X318X736
Change Physical Footprint: Designator=C17 Old Footprint=CAPR51-254-508X318X736 New Footprint=CAPR51-254-508X318X736
Change Physical Footprint: Designator=C18 Old Footprint=CAPR51-254-508X318X736 New Footprint=CAPR51-254-508X318X736
Change Physical Footprint: Designator=D1 Old Footprint=FP-017AG-MFG New Footprint=FP-017AG-MFG
Change Physical Footprint: Designator=DS1 Old Footprint=8mm New Footprint=8mm
Change Physical Footprint: Designator=DS2 Old Footprint=8mm New Footprint=8mm
Change Physical Footprint: Designator=DS3 Old Footprint=8mm New Footprint=8mm
Change Physical Footprint: Designator=DS4 Old Footprint=8mm New Footprint=8mm
Change Physical Footprint: Designator=DS5 Old Footprint=8mm New Footprint=8mm
Change Physical Footprint: Designator=DS6 Old Footprint=8mm New Footprint=8mm
Change Physical Footprint: Designator=DS7 Old Footprint=8mm New Footprint=8mm
Change Physical Footprint: Designator=DS8 Old Footprint=8mm New Footprint=8mm
Change Physical Footprint: Designator=DS9 Old Footprint=8mm New Footprint=8mm
Change Physical Footprint: Designator=DS10 Old Footprint=8mm New Footprint=8mm
Change Physical Footprint: Designator=DS11 Old Footprint=8mm New Footprint=8mm
Change Physical Footprint: Designator=DS12 Old Footprint=8mm New Footprint=8mm
Change Physical Footprint: Designator=DS13 Old Footprint=8mm New Footprint=8mm
Change Physical Footprint: Designator=DS14 Old Footprint=8mm New Footprint=8mm
Change Physical Footprint: Designator=DS15 Old Footprint=8mm New Footprint=8mm
Change Physical Footprint: Designator=DS16 Old Footprint=8mm New Footprint=8mm
Change Physical Footprint: Designator=ENC1 Old Footprint=FP-PEC16-4020F-S0024-MFG New Footprint=FP-PEC16-4020F-S0024-MFG
Change Physical Footprint: Designator=J1 Old Footprint=PHOE-1725656-2 New Footprint=PHOE-1725656-2
Change Physical Footprint: Designator=J2 Old Footprint=691214110003 New Footprint=691214110003
Change Physical Footprint: Designator=J3 Old Footprint=FP-1140084168-0 New Footprint=FP-1140084168-0
Change Physical Footprint: Designator=R1 Old Footprint=RES_AC03_VIS New Footprint=RES_AC03_VIS
Change Physical Footprint: Designator=R2 Old Footprint=RES_AC03_VIS New Footprint=RES_AC03_VIS
Change Physical Footprint: Designator=R3 Old Footprint=RES_AC03_VIS New Footprint=RES_AC03_VIS
Change Physical Footprint: Designator=R4 Old Footprint=RES_AC03_VIS New Footprint=RES_AC03_VIS
Change Physical Footprint: Designator=R5 Old Footprint=RES_AC03_VIS New Footprint=RES_AC03_VIS
Change Physical Footprint: Designator=R6 Old Footprint=RES_AC03_VIS New Footprint=RES_AC03_VIS
Change Physical Footprint: Designator=R7 Old Footprint=RES_AC03_VIS New Footprint=RES_AC03_VIS
Change Physical Footprint: Designator=R8 Old Footprint=RES_AC03_VIS New Footprint=RES_AC03_VIS
Change Physical Footprint: Designator=R9 Old Footprint=RES_AC03_VIS New Footprint=RES_AC03_VIS
Change Physical Footprint: Designator=R10 Old Footprint=RES_AC03_VIS New Footprint=RES_AC03_VIS
Change Physical Footprint: Designator=S1 Old Footprint=SW_500SSP1S1M2REA New Footprint=SW_500SSP1S1M2REA
Change Physical Footprint: Designator=SC1 Old Footprint=ILI9341 New Footprint=ILI9341
Change Physical Footprint: Designator=SW1 Old Footprint=FP-MJTP1212A-MFG New Footprint=FP-MJTP1212A-MFG
Change Physical Footprint: Designator=SW2 Old Footprint=FP-MJTP1212A-MFG New Footprint=FP-MJTP1212A-MFG
Change Physical Footprint: Designator=SW3 Old Footprint=FP-MJTP1212A-MFG New Footprint=FP-MJTP1212A-MFG
Change Physical Footprint: Designator=SW4 Old Footprint=FP-MJTP1212A-MFG New Footprint=FP-MJTP1212A-MFG
Change Physical Footprint: Designator=SW5 Old Footprint=FP-MJTP1212A-MFG New Footprint=FP-MJTP1212A-MFG
Change Physical Footprint: Designator=SW6 Old Footprint=FP-MJTP1212A-MFG New Footprint=FP-MJTP1212A-MFG
Change Physical Footprint: Designator=SW7 Old Footprint=FP-MJTP1212A-MFG New Footprint=FP-MJTP1212A-MFG
Change Physical Footprint: Designator=SW8 Old Footprint=FP-MJTP1212A-MFG New Footprint=FP-MJTP1212A-MFG
Change Physical Footprint: Designator=SW9 Old Footprint=FP-MJTP1212A-MFG New Footprint=FP-MJTP1212A-MFG
Change Physical Footprint: Designator=SW10 Old Footprint=FP-MJTP1212A-MFG New Footprint=FP-MJTP1212A-MFG
Change Physical Footprint: Designator=SW11 Old Footprint=FP-MJTP1212A-MFG New Footprint=FP-MJTP1212A-MFG
Change Physical Footprint: Designator=SW12 Old Footprint=FP-MJTP1212A-MFG New Footprint=FP-MJTP1212A-MFG
Change Physical Footprint: Designator=SW13 Old Footprint=FP-MJTP1212A-MFG New Footprint=FP-MJTP1212A-MFG
Change Physical Footprint: Designator=SW14 Old Footprint=FP-MJTP1212A-MFG New Footprint=FP-MJTP1212A-MFG
Change Physical Footprint: Designator=SW15 Old Footprint=FP-MJTP1212A-MFG New Footprint=FP-MJTP1212A-MFG
Change Physical Footprint: Designator=SW16 Old Footprint=FP-MJTP1212A-MFG New Footprint=FP-MJTP1212A-MFG
Change Physical Footprint: Designator=SW17 Old Footprint=FP-MJTP1212A-MFG New Footprint=FP-MJTP1212A-MFG
Change Physical Footprint: Designator=SW18 Old Footprint=FP-MJTP1212A-MFG New Footprint=FP-MJTP1212A-MFG
Change Physical Footprint: Designator=SW19 Old Footprint=FP-MJTP1212A-MFG New Footprint=FP-MJTP1212A-MFG
Change Physical Footprint: Designator=SW20 Old Footprint=FP-MJTP1212A-MFG New Footprint=FP-MJTP1212A-MFG
Change Physical Footprint: Designator=SW21 Old Footprint=FP-MJTP1212A-MFG New Footprint=FP-MJTP1212A-MFG
Change Physical Footprint: Designator=U1 Old Footprint=SAMTEC SSW-110-03-T-S New Footprint=SAMTEC SSW-110-03-T-S
Change Physical Footprint: Designator=U2 Old Footprint=DIP762W50P254L1018H450Q8 New Footprint=DIP762W50P254L1018H450Q8
Change object: Catastrophic failure
